

----------------------------------------
checking for C compiler


----------------------------------------
checking for gcc -pipe switch


----------------------------------------
checking for gcc variadic macros


----------------------------------------
checking for C99 variadic macros


----------------------------------------
checking for unistd.h


----------------------------------------
checking for inttypes.h


----------------------------------------
checking for limits.h


----------------------------------------
checking for sys/filio.h


----------------------------------------
checking for crypt.h

objs/autotest.c:2:19: error: crypt.h: No such file or directory
----------

#include <crypt.h>

int main() {
    return 0;
}

----------
gcc -o objs/autotest objs/autotest.c
----------

----------------------------------------
checking for kqueue's EVFILT_TIMER


----------------------------------------
checking for Darwin 64-bit kqueue millisecond timeout bug


----------------------------------------
checking for sendfile()


----------------------------------------
checking for atomic(3)

objs/autotest.c: In function ‘main’:
objs/autotest.c:8: warning: passing argument 3 of ‘OSAtomicCompareAndSwap32Barrier’ makes pointer from integer without a cast

----------------------------------------
checking for poll()


----------------------------------------
checking for /dev/poll

objs/autotest.c:4:25: error: sys/devpoll.h: No such file or directory
objs/autotest.c: In function ‘main’:
objs/autotest.c:7: error: storage size of ‘dvp’ isn’t known
objs/autotest.c:12: error: ‘DP_POLL’ undeclared (first use in this function)
objs/autotest.c:12: error: (Each undeclared identifier is reported only once
objs/autotest.c:12: error: for each function it appears in.)
----------

#include <sys/types.h>
#include <unistd.h>
#include <sys/devpoll.h>

int main() {
    int  n, dp; struct dvpoll  dvp;
                  dp = 0;
                  dvp.dp_fds = NULL;
                  dvp.dp_nfds = 0;
                  dvp.dp_timeout = 0;
                  n = ioctl(dp, DP_POLL, &dvp);
    return 0;
}

----------
gcc -o objs/autotest objs/autotest.c
----------

----------------------------------------
checking for crypt()


----------------------------------------
checking for O_DIRECT

objs/autotest.c: In function ‘main’:
objs/autotest.c:7: error: ‘O_DIRECT’ undeclared (first use in this function)
objs/autotest.c:7: error: (Each undeclared identifier is reported only once
objs/autotest.c:7: error: for each function it appears in.)
----------

#include <sys/types.h>
#include <unistd.h>
#include <fcntl.h>

int main() {
    fcntl(0, F_SETFL, O_DIRECT);;
    return 0;
}

----------
gcc -o objs/autotest objs/autotest.c
----------

----------------------------------------
checking for F_NOCACHE


----------------------------------------
checking for directio()

objs/autotest.c: In function ‘main’:
objs/autotest.c:8: error: ‘DIRECTIO_ON’ undeclared (first use in this function)
objs/autotest.c:8: error: (Each undeclared identifier is reported only once
objs/autotest.c:8: error: for each function it appears in.)
----------

#include <sys/types.h>
#include <unistd.h>
#include <sys/types.h>
                  #include <sys/fcntl.h>

int main() {
    directio(0, DIRECTIO_ON);;
    return 0;
}

----------
gcc -o objs/autotest objs/autotest.c
----------

----------------------------------------
checking for zlib library


----------------------------------------
checking for int size

objs/autotest.c: In function ‘main’:
objs/autotest.c:11: warning: incompatible implicit declaration of built-in function ‘printf’

----------------------------------------
checking for long size

objs/autotest.c: In function ‘main’:
objs/autotest.c:11: warning: incompatible implicit declaration of built-in function ‘printf’

----------------------------------------
checking for long long size

objs/autotest.c: In function ‘main’:
objs/autotest.c:11: warning: incompatible implicit declaration of built-in function ‘printf’

----------------------------------------
checking for void * size

objs/autotest.c: In function ‘main’:
objs/autotest.c:11: warning: incompatible implicit declaration of built-in function ‘printf’

----------------------------------------
checking for uint64_t


----------------------------------------
checking for sig_atomic_t


----------------------------------------
checking for sig_atomic_t size

objs/autotest.c: In function ‘main’:
objs/autotest.c:11: warning: incompatible implicit declaration of built-in function ‘printf’

----------------------------------------
checking for socklen_t


----------------------------------------
checking for in_addr_t


----------------------------------------
checking for in_port_t


----------------------------------------
checking for rlim_t


checking for uintptr_t

checking for system endianess

----------------------------------------
checking for size_t size

objs/autotest.c: In function ‘main’:
objs/autotest.c:11: warning: incompatible implicit declaration of built-in function ‘printf’

----------------------------------------
checking for off_t size

objs/autotest.c: In function ‘main’:
objs/autotest.c:11: warning: incompatible implicit declaration of built-in function ‘printf’

----------------------------------------
checking for time_t size

objs/autotest.c: In function ‘main’:
objs/autotest.c:11: warning: incompatible implicit declaration of built-in function ‘printf’

----------------------------------------
checking for setproctitle()

Undefined symbols:
  "_setproctitle", referenced from:
      _main in ccHcr8ir.o
ld: symbol(s) not found
collect2: ld returned 1 exit status
----------

#include <sys/types.h>
#include <unistd.h>


int main() {
    setproctitle("test");;
    return 0;
}

----------
gcc -o objs/autotest objs/autotest.c
----------

----------------------------------------
checking for pread()


----------------------------------------
checking for pwrite()


----------------------------------------
checking for strerror_r()


----------------------------------------
checking for gnu style strerror_r()


----------------------------------------
checking for localtime_r()


----------------------------------------
checking for posix_memalign()

Undefined symbols:
  "_posix_memalign", referenced from:
      _main in ccz2VK7C.o
ld: symbol(s) not found
collect2: ld returned 1 exit status
----------

#include <sys/types.h>
#include <unistd.h>
#include <stdlib.h>

int main() {
    void *p; int n; n = posix_memalign(&p, 4096, 4096);
    return 0;
}

----------
gcc -o objs/autotest objs/autotest.c
----------

----------------------------------------
checking for memalign()

objs/autotest.c: In function ‘main’:
objs/autotest.c:7: warning: assignment makes pointer from integer without a cast
Undefined symbols:
  "_memalign", referenced from:
      _main in ccDKtSpF.o
ld: symbol(s) not found
collect2: ld returned 1 exit status
----------

#include <sys/types.h>
#include <unistd.h>
#include <stdlib.h>

int main() {
    void *p; p = memalign(4096, 4096);
    return 0;
}

----------
gcc -o objs/autotest objs/autotest.c
----------

----------------------------------------
checking for sched_yield()


----------------------------------------
checking for mmap(MAP_ANON|MAP_SHARED)


----------------------------------------
checking for mmap("/dev/zero", MAP_SHARED)


----------------------------------------
checking for System V shared memory


----------------------------------------
checking for struct msghdr.msg_control


----------------------------------------
checking for ioctl(FIONBIO)


----------------------------------------
checking for struct tm.tm_gmtoff


----------------------------------------
checking for struct dirent.d_namlen


----------------------------------------
checking for struct dirent.d_type

